e:\myprojects\td塔防\proj.win32\debug.win32\thestartscene.obj
e:\myprojects\td塔防\proj.win32\debug.win32\helloworldscene.obj
e:\myprojects\td塔防\proj.win32\debug.win32\appdelegate.obj
e:\myprojects\td塔防\proj.win32\debug.win32\loadlevelinfo.obj
e:\myprojects\td塔防\proj.win32\debug.win32\main.obj
e:\myprojects\td塔防\proj.win32\debug.win32\vc141.pdb
e:\myprojects\td塔防\proj.win32\debug.win32\vc141.idb
e:\myprojects\td塔防\proj.win32\debug.win32\towerpanellayer.obj
e:\myprojects\td塔防\proj.win32\debug.win32\enemy.obj
e:\myprojects\td塔防\proj.win32\debug.win32\priate.obj
e:\myprojects\td塔防\proj.win32\debug.win32\bandit.obj
e:\myprojects\td塔防\proj.win32\debug.win32\gamemanager.obj
e:\myprojects\td塔防\proj.win32\debug.win32\arrowtower.obj
e:\myprojects\td塔防\proj.win32\debug.win32\crazydragon.obj
e:\myprojects\td塔防\proj.win32\debug.win32\thief.obj
e:\myprojects\td塔防\proj.win32\debug.win32\attacktower.obj
e:\myprojects\td塔防\proj.win32\debug.win32\groupenemy.obj
e:\myprojects\td塔防\proj.win32\debug.win32\playlayer.obj
e:\myprojects\td塔防\proj.win32\debug.win32\multidirtower.obj
e:\myprojects\td塔防\proj.win32\debug.win32\towerbase.obj
e:\myprojects\td塔防\proj.win32\td.cab
c:\users\asus\desktop\td3.2\proj.win32\debug.win32\td.ilk
c:\users\asus\desktop\td3.2\proj.win32\debug.win32\td.exe
c:\users\asus\desktop\td3.2\proj.win32\debug.win32\td.pdb
e:\myprojects\td塔防\proj.win32\debug.win32\td.ilk
e:\myprojects\td塔防\proj.win32\debug.win32\td.exe
e:\myprojects\td塔防\proj.win32\debug.win32\td.pdb
e:\myprojects\td塔防\proj.win32\debug.win32\game.res
c:\users\asus\desktop\td3.2\proj.win32\debug.win32\td.lib
c:\users\asus\desktop\td3.2\proj.win32\debug.win32\td.exp
e:\myprojects\td塔防\proj.win32\debug.win32\td.lib
e:\myprojects\td塔防\proj.win32\debug.win32\td.exp
e:\myprojects\td塔防\proj.win32\debug.win32\towerpanlelayer.obj
e:\myprojects\td塔防\proj.win32\debug.win32\vc140.idb
e:\myprojects\td塔防\proj.win32\debug.win32\vc140.pdb
e:\myprojects\td塔防\proj.win32\debug.win32\td.tlog\cl.command.1.tlog
e:\myprojects\td塔防\proj.win32\debug.win32\td.tlog\cl.read.1.tlog
e:\myprojects\td塔防\proj.win32\debug.win32\td.tlog\cl.write.1.tlog
e:\myprojects\td塔防\proj.win32\debug.win32\td.tlog\custombuildstep.read.1u.tlog
e:\myprojects\td塔防\proj.win32\debug.win32\td.tlog\custombuildstep.write.1u.tlog
e:\myprojects\td塔防\proj.win32\debug.win32\td.tlog\link.command.1.tlog
e:\myprojects\td塔防\proj.win32\debug.win32\td.tlog\link.delete.1.tlog
e:\myprojects\td塔防\proj.win32\debug.win32\td.tlog\link.read.1.tlog
e:\myprojects\td塔防\proj.win32\debug.win32\td.tlog\link.write.1.tlog
e:\myprojects\td塔防\proj.win32\debug.win32\td.tlog\rc.command.1.tlog
e:\myprojects\td塔防\proj.win32\debug.win32\td.tlog\rc.read.1.tlog
e:\myprojects\td塔防\proj.win32\debug.win32\td.tlog\rc.write.1.tlog
e:\myprojects\td塔防\proj.win32\debug.win32\td.tlog\td.write.1u.tlog
